0 silly argv {
0 silly argv   _: [ 'run' ],
0 silly argv   lernaVersion: '4.0.0',
0 silly argv   '$0': 'node_modules/.bin/lerna',
0 silly argv   script: 'build'
0 silly argv }
1 notice cli v4.0.0
2 verbose rootPath /home/darocha/APPS/blockchain/ethereum/DND-token/workspace/packages/wallet-adapter
3 info versioning independent
4 error JSONError: Unexpected token "/" (0x2F) in JSON at position 1072 while parsing near "...\": \"^0.7.0\",\n       // \"@solana/wallet-a..." in packages/core/wallets/package.json
4 error
4 error [0m [90m 33 |[39m         [32m"@solana/wallet-adapter-coinhub"[39m[33m:[39m [32m"^0.1.0"[39m[33m,[39m[0m
4 error [0m [90m 34 |[39m         [32m"@solana/wallet-adapter-mathwallet"[39m[33m:[39m [32m"^0.7.0"[39m[33m,[39m[0m
4 error [0m[31m[1m>[22m[39m[90m 35 |[39m        [90m// "@solana/wallet-adapter-metawallet": "^0.7.0",[39m[0m
4 error [0m [90m    |[39m        [31m[1m^[22m[39m[0m
4 error [0m [90m 36 |[39m         [32m"@solana/wallet-adapter-phantom"[39m[33m:[39m [32m"^0.7.0"[39m[33m,[39m[0m
4 error [0m [90m 37 |[39m         [32m"@solana/wallet-adapter-safepal"[39m[33m:[39m [32m"^0.3.0"[39m[33m,[39m[0m
4 error [0m [90m 38 |[39m         [32m"@solana/wallet-adapter-slope"[39m[33m:[39m [32m"^0.3.0"[39m[33m,[39m[0m
4 error
4 error     at parseJson (/home/darocha/APPS/blockchain/ethereum/DND-token/workspace/packages/wallet-adapter/node_modules/parse-json/index.js:29:21)
4 error     at parse (/home/darocha/APPS/blockchain/ethereum/DND-token/workspace/packages/wallet-adapter/node_modules/load-json-file/index.js:15:9)
4 error     at module.exports (/home/darocha/APPS/blockchain/ethereum/DND-token/workspace/packages/wallet-adapter/node_modules/load-json-file/index.js:18:47)
